[2025-10-09 07:12:15] INICIANDO VERIFICACION AUTOMATICA DE DASHBOARDS
[2025-10-09 07:12:15] ============================================================
[2025-10-09 07:12:15] Prometheus: OK
[2025-10-09 07:12:15] Grafana: OK
[2025-10-09 07:12:15] Datasource UID encontrado: cf0in65f5p3pcd
[2025-10-09 07:12:15] Dashboards encontrados: 3
[2025-10-09 07:12:15] Dashboard corregido: diagnostic-dashboard.json
[2025-10-09 07:12:16] Dashboard importado: diagnostic-dashboard.json
[2025-10-09 07:12:16] Dashboard ya correcto: windows_local_dashboard.json
[2025-10-09 07:12:16] Dashboard importado: windows_local_dashboard.json
[2025-10-09 07:12:16] Dashboard ya correcto: default-dashboard-funcional.json
[2025-10-09 07:12:16] Error importando default-dashboard-funcional.json: 404
[2025-10-09 07:12:16] Consultas de Prometheus funcionando: 4/4
[2025-10-09 07:12:16] ============================================================
[2025-10-09 07:12:16] RESUMEN DE VERIFICACION:
[2025-10-09 07:12:16] Dashboards encontrados: 3
[2025-10-09 07:12:16] Dashboards corregidos: 1
[2025-10-09 07:12:16] Dashboards importados: 2
[2025-10-09 07:12:16] Consultas Prometheus: OK
[2025-10-09 07:12:16] AUTOMATIZACION COMPLETADA EXITOSAMENTE
[2025-10-09 07:15:03] INICIANDO VERIFICACION AUTOMATICA DE DASHBOARDS
[2025-10-09 07:15:03] ============================================================
[2025-10-09 07:15:03] Prometheus: OK
[2025-10-09 07:15:03] Grafana: OK
[2025-10-09 07:15:04] Datasource UID encontrado: cf0in65f5p3pcd
[2025-10-09 07:15:04] Dashboards encontrados: 3
[2025-10-09 07:15:04] Dashboard ya correcto: windows_local_dashboard.json
[2025-10-09 07:15:04] Dashboard importado: windows_local_dashboard.json
[2025-10-09 07:15:04] Dashboard ya correcto: diagnostic-dashboard.json
[2025-10-09 07:15:04] Dashboard importado: diagnostic-dashboard.json
[2025-10-09 07:15:04] Dashboard ya correcto: default-dashboard-funcional.json
[2025-10-09 07:15:04] Error importando default-dashboard-funcional.json: 404
[2025-10-09 07:15:04] Consultas de Prometheus funcionando: 4/4
[2025-10-09 07:15:04] ============================================================
[2025-10-09 07:15:04] RESUMEN DE VERIFICACION:
[2025-10-09 07:15:04] Dashboards encontrados: 3
[2025-10-09 07:15:04] Dashboards corregidos: 0
[2025-10-09 07:15:04] Dashboards importados: 2
[2025-10-09 07:15:04] Consultas Prometheus: OK
[2025-10-09 07:15:04] AUTOMATIZACION COMPLETADA EXITOSAMENTE
