[2025-10-09 07:28:08] Probando sistema de notificaciones...
[2025-10-09 07:28:08] Notificación desktop enviada: Prueba de Sistema
[2025-10-09 07:28:09] Sonido de alerta reproducido: info
[2025-10-09 07:28:09] Prueba de notificaciones completada
[2025-10-09 07:29:04] Probando sistema de notificaciones...
[2025-10-09 07:29:04] Notificación desktop enviada: Prueba de Sistema
[2025-10-09 07:29:04] Sonido de alerta reproducido: info
[2025-10-09 07:29:04] Prueba de notificaciones completada
[2025-10-09 07:29:59] Verificando alertas locales...
[2025-10-09 07:29:59] No hay alertas activas en el sistema local
[2025-10-09 07:30:29] Verificando alertas locales...
[2025-10-09 07:30:29] No hay alertas activas en el sistema local
[2025-10-09 07:31:00] Verificando alertas locales...
[2025-10-09 07:31:00] No hay alertas activas en el sistema local
[2025-10-09 07:31:30] Verificando alertas locales...
[2025-10-09 07:31:30] No hay alertas activas en el sistema local
[2025-10-09 07:32:01] Verificando alertas locales...
[2025-10-09 07:32:01] No hay alertas activas en el sistema local
[2025-10-09 07:32:31] Verificando alertas locales...
[2025-10-09 07:32:31] No hay alertas activas en el sistema local
[2025-10-09 07:33:07] Probando sistema de notificaciones...
[2025-10-09 07:33:07] Notificación desktop enviada: Prueba de Sistema
[2025-10-09 07:33:08] Sonido de alerta reproducido: info
[2025-10-09 07:33:08] Prueba de notificaciones completada
[2025-10-09 07:35:58] Verificando alertas locales...
[2025-10-09 07:35:58] No hay alertas activas en el sistema local
