2025-10-09 13:53:26,320 - INFO - ============================================================
2025-10-09 13:53:26,474 - INFO - ============================================================
2025-10-09 13:53:26,495 - INFO - ============================================================
2025-10-09 13:54:06,422 - INFO -  INICIANDO GESTOR DE SERVICIOS OPTIMON
2025-10-09 13:54:06,422 - INFO - ============================================================
2025-10-09 13:54:06,424 - INFO - Verificando servicios Docker...
2025-10-09 13:54:08,652 - INFO - Servicios Docker iniciados correctamente
2025-10-09 13:54:18,655 - INFO - Iniciando SMTP Service...
2025-10-09 13:54:23,721 - INFO - SMTP Service iniciado exitosamente (PID: 26192)
2025-10-09 13:54:25,724 - INFO - Iniciando OptiMon Dashboard...
2025-10-09 13:54:28,740 - WARNING - Error verificando salud de OptiMon Dashboard
2025-10-09 13:54:30,741 - INFO - ============================================================
2025-10-09 13:54:30,744 - INFO -  ESTADO DE SERVICIOS OPTIMON
2025-10-09 13:54:30,744 - INFO - ============================================================
2025-10-09 13:54:32,800 - INFO - SMTP Service: EJECUTANDOSE EJECUTÁNDOSE (PID: 26192, Uptime: 12s)
2025-10-09 13:54:32,820 - INFO - Prometheus: EJECUTANDOSE EJECUTÁNDOSE (Puerto: 9090)
2025-10-09 13:54:32,821 - INFO - Grafana: EJECUTANDOSE EJECUTÁNDOSE (Puerto: 3000)
2025-10-09 13:54:32,823 - INFO - AlertManager: EJECUTANDOSE EJECUTÁNDOSE (Puerto: 9093)
2025-10-09 13:54:32,824 - INFO - Windows Exporter: DETENIDO DETENIDO (Puerto: 9182)
2025-10-09 13:54:32,824 - INFO - ============================================================
2025-10-09 13:54:32,824 - INFO - Ejecutando en modo daemon...
2025-10-09 13:54:32,824 - INFO - Para detener: Ctrl+C o kill del proceso
2025-10-09 13:54:34,865 - WARNING - OptiMon Dashboard se detuvo inesperadamente
2025-10-09 13:54:34,865 - INFO - Reiniciando OptiMon Dashboard (intento 1)
2025-10-09 13:54:39,867 - INFO - Iniciando OptiMon Dashboard...
2025-10-09 13:54:42,874 - WARNING - Error verificando salud de OptiMon Dashboard
2025-10-09 13:55:14,936 - WARNING - OptiMon Dashboard se detuvo inesperadamente
2025-10-09 13:55:14,936 - INFO - Reiniciando OptiMon Dashboard (intento 1)
2025-10-09 13:55:19,939 - INFO - Iniciando OptiMon Dashboard...
2025-10-09 13:55:22,945 - WARNING - Error verificando salud de OptiMon Dashboard
2025-10-09 13:55:32,828 - INFO - ============================================================
2025-10-09 13:55:32,832 - INFO -  ESTADO DE SERVICIOS OPTIMON
2025-10-09 13:55:32,833 - INFO - ============================================================
2025-10-09 13:55:34,872 - INFO - SMTP Service: EJECUTANDOSE EJECUTÁNDOSE (PID: 26192, Uptime: 74s)
2025-10-09 13:55:34,905 - INFO - Prometheus: EJECUTANDOSE EJECUTÁNDOSE (Puerto: 9090)
2025-10-09 13:55:34,907 - INFO - Grafana: EJECUTANDOSE EJECUTÁNDOSE (Puerto: 3000)
2025-10-09 13:55:34,908 - INFO - AlertManager: EJECUTANDOSE EJECUTÁNDOSE (Puerto: 9093)
2025-10-09 13:55:34,910 - INFO - Windows Exporter: DETENIDO DETENIDO (Puerto: 9182)
2025-10-09 13:55:34,910 - INFO - ============================================================
2025-10-09 13:55:55,010 - WARNING - OptiMon Dashboard se detuvo inesperadamente
2025-10-09 13:55:55,011 - INFO - Reiniciando OptiMon Dashboard (intento 1)
2025-10-09 13:56:00,013 - INFO - Iniciando OptiMon Dashboard...
2025-10-09 13:56:03,023 - WARNING - Error verificando salud de OptiMon Dashboard
2025-10-09 13:56:34,912 - INFO - ============================================================
2025-10-09 13:56:34,912 - INFO -  ESTADO DE SERVICIOS OPTIMON
2025-10-09 13:56:34,913 - INFO - ============================================================
2025-10-09 13:56:35,087 - WARNING - OptiMon Dashboard se detuvo inesperadamente
2025-10-09 13:56:35,088 - INFO - Reiniciando OptiMon Dashboard (intento 1)
2025-10-09 13:56:36,964 - INFO - SMTP Service: EJECUTANDOSE EJECUTÁNDOSE (PID: 26192, Uptime: 136s)
2025-10-09 13:56:36,965 - INFO - OptiMon Dashboard: DETENIDO DETENIDO
2025-10-09 13:56:36,970 - INFO - Prometheus: EJECUTANDOSE EJECUTÁNDOSE (Puerto: 9090)
2025-10-09 13:56:36,972 - INFO - Grafana: EJECUTANDOSE EJECUTÁNDOSE (Puerto: 3000)
2025-10-09 13:56:36,973 - INFO - AlertManager: EJECUTANDOSE EJECUTÁNDOSE (Puerto: 9093)
2025-10-09 13:56:36,975 - INFO - Windows Exporter: DETENIDO DETENIDO (Puerto: 9182)
2025-10-09 13:56:36,975 - INFO - ============================================================
2025-10-09 13:56:40,090 - INFO - Iniciando OptiMon Dashboard...
2025-10-09 13:56:43,099 - WARNING - Error verificando salud de OptiMon Dashboard
2025-10-09 13:57:15,202 - WARNING - OptiMon Dashboard se detuvo inesperadamente
2025-10-09 13:57:15,203 - INFO - Reiniciando OptiMon Dashboard (intento 1)
2025-10-09 13:57:20,209 - INFO - Iniciando OptiMon Dashboard...
2025-10-09 13:57:23,225 - WARNING - Error verificando salud de OptiMon Dashboard
2025-10-09 13:57:36,977 - INFO - ============================================================
2025-10-09 13:57:36,980 - INFO -  ESTADO DE SERVICIOS OPTIMON
2025-10-09 13:57:36,981 - INFO - ============================================================
2025-10-09 13:57:39,103 - INFO - SMTP Service: EJECUTANDOSE EJECUTÁNDOSE (PID: 26192, Uptime: 198s)
2025-10-09 13:57:39,120 - INFO - Prometheus: EJECUTANDOSE EJECUTÁNDOSE (Puerto: 9090)
2025-10-09 13:57:39,120 - INFO - Grafana: EJECUTANDOSE EJECUTÁNDOSE (Puerto: 3000)
2025-10-09 13:57:39,122 - INFO - AlertManager: EJECUTANDOSE EJECUTÁNDOSE (Puerto: 9093)
2025-10-09 13:57:39,123 - INFO - Windows Exporter: DETENIDO DETENIDO (Puerto: 9182)
2025-10-09 13:57:39,123 - INFO - ============================================================
2025-10-09 13:57:55,274 - WARNING - OptiMon Dashboard se detuvo inesperadamente
2025-10-09 13:57:55,275 - INFO - Reiniciando OptiMon Dashboard (intento 1)
2025-10-09 13:58:00,278 - INFO - Iniciando OptiMon Dashboard...
2025-10-09 13:58:03,286 - WARNING - Error verificando salud de OptiMon Dashboard
2025-10-09 13:58:35,346 - WARNING - OptiMon Dashboard se detuvo inesperadamente
2025-10-09 13:58:35,346 - INFO - Reiniciando OptiMon Dashboard (intento 1)
2025-10-09 13:58:39,124 - INFO - ============================================================
2025-10-09 13:58:39,125 - INFO -  ESTADO DE SERVICIOS OPTIMON
2025-10-09 13:58:39,125 - INFO - ============================================================
2025-10-09 13:58:40,348 - INFO - Iniciando OptiMon Dashboard...
2025-10-09 13:58:41,172 - INFO - SMTP Service: EJECUTANDOSE EJECUTÁNDOSE (PID: 26192, Uptime: 260s)
2025-10-09 13:58:41,179 - INFO - Prometheus: EJECUTANDOSE EJECUTÁNDOSE (Puerto: 9090)
2025-10-09 13:58:41,180 - INFO - Grafana: EJECUTANDOSE EJECUTÁNDOSE (Puerto: 3000)
2025-10-09 13:58:41,181 - INFO - AlertManager: EJECUTANDOSE EJECUTÁNDOSE (Puerto: 9093)
2025-10-09 13:58:41,183 - INFO - Windows Exporter: DETENIDO DETENIDO (Puerto: 9182)
2025-10-09 13:58:41,183 - INFO - ============================================================
2025-10-09 13:58:43,353 - WARNING - Error verificando salud de OptiMon Dashboard
2025-10-09 13:59:15,416 - WARNING - OptiMon Dashboard se detuvo inesperadamente
2025-10-09 13:59:15,417 - INFO - Reiniciando OptiMon Dashboard (intento 1)
2025-10-09 13:59:20,423 - INFO - Iniciando OptiMon Dashboard...
2025-10-09 13:59:23,430 - WARNING - Error verificando salud de OptiMon Dashboard
2025-10-09 13:59:29,895 - INFO - Señal recibida, deteniendo servicios...
2025-10-09 13:59:29,897 - INFO - Deteniendo todos los servicios...
2025-10-09 13:59:29,899 - INFO - Deteniendo SMTP Service...
2025-10-09 13:59:30,558 - INFO - SMTP Service detenido
2025-10-09 13:59:30,559 - INFO - Deteniendo OptiMon Dashboard...
2025-10-09 13:59:30,738 - INFO - OptiMon Dashboard detenido
2025-10-09 13:59:30,739 - INFO - Limpieza completada
2025-10-09 13:59:30,741 - INFO - Deteniendo todos los servicios...
2025-10-09 13:59:30,741 - INFO - Limpieza completada
2025-10-09 17:37:15,770 - INFO -  INICIANDO GESTOR DE SERVICIOS OPTIMON
2025-10-09 17:37:15,770 - INFO - ============================================================
2025-10-09 17:37:15,771 - INFO - Verificando servicios Docker...
2025-10-09 17:37:16,597 - INFO - Servicios Docker iniciados correctamente
2025-10-09 17:37:26,601 - INFO - Iniciando SMTP Service...
2025-10-09 17:37:31,674 - INFO - SMTP Service iniciado exitosamente (PID: 7436)
2025-10-09 17:37:35,887 - INFO - OptiMon Dashboard ya está ejecutándose
2025-10-09 17:37:37,888 - INFO - ============================================================
2025-10-09 17:37:37,892 - INFO -  ESTADO DE SERVICIOS OPTIMON
2025-10-09 17:37:37,892 - INFO - ============================================================
2025-10-09 17:37:39,935 - INFO - SMTP Service: EJECUTANDOSE EJECUTÁNDOSE (PID: 7436, Uptime: 11s)
2025-10-09 17:37:39,936 - INFO - OptiMon Dashboard: DETENIDO DETENIDO
2025-10-09 17:37:39,938 - INFO - Prometheus: EJECUTANDOSE EJECUTÁNDOSE (Puerto: 9090)
2025-10-09 17:37:39,940 - INFO - Grafana: EJECUTANDOSE EJECUTÁNDOSE (Puerto: 3000)
2025-10-09 17:37:39,941 - INFO - AlertManager: EJECUTANDOSE EJECUTÁNDOSE (Puerto: 9093)
2025-10-09 17:37:39,943 - INFO - Windows Exporter: EJECUTANDOSE EJECUTÁNDOSE (Puerto: 9182)
2025-10-09 17:37:39,943 - INFO - ============================================================
2025-10-09 17:37:39,944 - INFO - Ejecutando en modo daemon...
2025-10-09 17:37:39,944 - INFO - Para detener: Ctrl+C o kill del proceso
2025-10-09 17:38:39,972 - INFO - ============================================================
2025-10-09 17:38:39,982 - INFO -  ESTADO DE SERVICIOS OPTIMON
2025-10-09 17:38:39,983 - INFO - ============================================================
2025-10-09 17:38:42,149 - INFO - SMTP Service: EJECUTANDOSE EJECUTÁNDOSE (PID: 7436, Uptime: 73s)
2025-10-09 17:38:42,150 - INFO - OptiMon Dashboard: DETENIDO DETENIDO
2025-10-09 17:38:42,154 - INFO - Prometheus: EJECUTANDOSE EJECUTÁNDOSE (Puerto: 9090)
2025-10-09 17:38:42,158 - INFO - Grafana: EJECUTANDOSE EJECUTÁNDOSE (Puerto: 3000)
2025-10-09 17:38:42,161 - INFO - AlertManager: EJECUTANDOSE EJECUTÁNDOSE (Puerto: 9093)
2025-10-09 17:38:42,163 - INFO - Windows Exporter: EJECUTANDOSE EJECUTÁNDOSE (Puerto: 9182)
2025-10-09 17:38:42,164 - INFO - ============================================================
2025-10-09 17:39:42,242 - INFO - ============================================================
2025-10-09 17:39:42,245 - INFO -  ESTADO DE SERVICIOS OPTIMON
2025-10-09 17:39:42,246 - INFO - ============================================================
2025-10-09 17:39:44,321 - INFO - SMTP Service: EJECUTANDOSE EJECUTÁNDOSE (PID: 7436, Uptime: 136s)
2025-10-09 17:39:44,322 - INFO - OptiMon Dashboard: DETENIDO DETENIDO
2025-10-09 17:39:44,325 - INFO - Prometheus: EJECUTANDOSE EJECUTÁNDOSE (Puerto: 9090)
2025-10-09 17:39:44,327 - INFO - Grafana: EJECUTANDOSE EJECUTÁNDOSE (Puerto: 3000)
2025-10-09 17:39:44,330 - INFO - AlertManager: EJECUTANDOSE EJECUTÁNDOSE (Puerto: 9093)
2025-10-09 17:39:44,332 - INFO - Windows Exporter: EJECUTANDOSE EJECUTÁNDOSE (Puerto: 9182)
2025-10-09 17:39:44,332 - INFO - ============================================================
2025-10-09 17:40:44,378 - INFO - ============================================================
2025-10-09 17:40:44,404 - INFO -  ESTADO DE SERVICIOS OPTIMON
2025-10-09 17:40:44,406 - INFO - ============================================================
2025-10-09 17:40:46,742 - INFO - SMTP Service: EJECUTANDOSE EJECUTÁNDOSE (PID: 7436, Uptime: 198s)
2025-10-09 17:40:46,743 - INFO - OptiMon Dashboard: DETENIDO DETENIDO
2025-10-09 17:40:46,747 - INFO - Prometheus: EJECUTANDOSE EJECUTÁNDOSE (Puerto: 9090)
2025-10-09 17:40:46,751 - INFO - Grafana: EJECUTANDOSE EJECUTÁNDOSE (Puerto: 3000)
2025-10-09 17:40:46,755 - INFO - AlertManager: EJECUTANDOSE EJECUTÁNDOSE (Puerto: 9093)
2025-10-09 17:40:46,759 - INFO - Windows Exporter: EJECUTANDOSE EJECUTÁNDOSE (Puerto: 9182)
2025-10-09 17:40:46,759 - INFO - ============================================================
2025-10-09 17:41:46,762 - INFO - ============================================================
2025-10-09 17:41:46,766 - INFO -  ESTADO DE SERVICIOS OPTIMON
2025-10-09 17:41:46,766 - INFO - ============================================================
2025-10-09 17:41:48,832 - INFO - SMTP Service: EJECUTANDOSE EJECUTÁNDOSE (PID: 7436, Uptime: 260s)
2025-10-09 17:41:48,834 - INFO - OptiMon Dashboard: DETENIDO DETENIDO
2025-10-09 17:41:48,841 - INFO - Prometheus: EJECUTANDOSE EJECUTÁNDOSE (Puerto: 9090)
2025-10-09 17:41:48,847 - INFO - Grafana: EJECUTANDOSE EJECUTÁNDOSE (Puerto: 3000)
2025-10-09 17:41:48,849 - INFO - AlertManager: EJECUTANDOSE EJECUTÁNDOSE (Puerto: 9093)
2025-10-09 17:41:48,855 - INFO - Windows Exporter: EJECUTANDOSE EJECUTÁNDOSE (Puerto: 9182)
2025-10-09 17:41:48,855 - INFO - ============================================================
2025-10-09 17:42:48,868 - INFO - ============================================================
2025-10-09 17:42:48,872 - INFO -  ESTADO DE SERVICIOS OPTIMON
2025-10-09 17:42:48,872 - INFO - ============================================================
2025-10-09 17:42:50,983 - INFO - SMTP Service: EJECUTANDOSE EJECUTÁNDOSE (PID: 7436, Uptime: 322s)
2025-10-09 17:42:50,984 - INFO - OptiMon Dashboard: DETENIDO DETENIDO
2025-10-09 17:42:50,986 - INFO - Prometheus: EJECUTANDOSE EJECUTÁNDOSE (Puerto: 9090)
2025-10-09 17:42:50,989 - INFO - Grafana: EJECUTANDOSE EJECUTÁNDOSE (Puerto: 3000)
2025-10-09 17:42:50,991 - INFO - AlertManager: EJECUTANDOSE EJECUTÁNDOSE (Puerto: 9093)
2025-10-09 17:42:50,993 - INFO - Windows Exporter: EJECUTANDOSE EJECUTÁNDOSE (Puerto: 9182)
2025-10-09 17:42:50,994 - INFO - ============================================================
2025-10-09 17:43:50,997 - INFO - ============================================================
2025-10-09 17:43:50,998 - INFO -  ESTADO DE SERVICIOS OPTIMON
2025-10-09 17:43:50,999 - INFO - ============================================================
2025-10-09 17:43:53,069 - INFO - SMTP Service: EJECUTANDOSE EJECUTÁNDOSE (PID: 7436, Uptime: 384s)
2025-10-09 17:43:53,070 - INFO - OptiMon Dashboard: DETENIDO DETENIDO
2025-10-09 17:43:53,076 - INFO - Prometheus: EJECUTANDOSE EJECUTÁNDOSE (Puerto: 9090)
2025-10-09 17:43:53,082 - INFO - Grafana: EJECUTANDOSE EJECUTÁNDOSE (Puerto: 3000)
2025-10-09 17:43:53,086 - INFO - AlertManager: EJECUTANDOSE EJECUTÁNDOSE (Puerto: 9093)
2025-10-09 17:43:53,090 - INFO - Windows Exporter: EJECUTANDOSE EJECUTÁNDOSE (Puerto: 9182)
2025-10-09 17:43:53,091 - INFO - ============================================================
2025-10-09 17:44:53,133 - INFO - ============================================================
2025-10-09 17:44:53,144 - INFO -  ESTADO DE SERVICIOS OPTIMON
2025-10-09 17:44:53,145 - INFO - ============================================================
2025-10-09 17:44:55,261 - INFO - SMTP Service: EJECUTANDOSE EJECUTÁNDOSE (PID: 7436, Uptime: 447s)
2025-10-09 17:44:55,262 - INFO - OptiMon Dashboard: DETENIDO DETENIDO
2025-10-09 17:44:55,271 - INFO - Prometheus: EJECUTANDOSE EJECUTÁNDOSE (Puerto: 9090)
2025-10-09 17:44:55,273 - INFO - Grafana: EJECUTANDOSE EJECUTÁNDOSE (Puerto: 3000)
2025-10-09 17:44:55,275 - INFO - AlertManager: EJECUTANDOSE EJECUTÁNDOSE (Puerto: 9093)
2025-10-09 17:44:55,277 - INFO - Windows Exporter: EJECUTANDOSE EJECUTÁNDOSE (Puerto: 9182)
2025-10-09 17:44:55,277 - INFO - ============================================================
2025-10-09 17:45:55,279 - INFO - ============================================================
2025-10-09 17:45:55,280 - INFO -  ESTADO DE SERVICIOS OPTIMON
2025-10-09 17:45:55,280 - INFO - ============================================================
2025-10-09 17:45:57,331 - INFO - SMTP Service: EJECUTANDOSE EJECUTÁNDOSE (PID: 7436, Uptime: 509s)
2025-10-09 17:45:57,332 - INFO - OptiMon Dashboard: DETENIDO DETENIDO
2025-10-09 17:45:57,334 - INFO - Prometheus: EJECUTANDOSE EJECUTÁNDOSE (Puerto: 9090)
2025-10-09 17:45:57,337 - INFO - Grafana: EJECUTANDOSE EJECUTÁNDOSE (Puerto: 3000)
2025-10-09 17:45:57,339 - INFO - AlertManager: EJECUTANDOSE EJECUTÁNDOSE (Puerto: 9093)
2025-10-09 17:45:57,341 - INFO - Windows Exporter: EJECUTANDOSE EJECUTÁNDOSE (Puerto: 9182)
2025-10-09 17:45:57,342 - INFO - ============================================================
2025-10-09 17:46:11,081 - INFO - Señal recibida, deteniendo servicios...
2025-10-09 17:46:11,082 - INFO - Deteniendo todos los servicios...
2025-10-09 17:46:11,083 - INFO - Deteniendo SMTP Service...
2025-10-09 17:46:11,945 - INFO - SMTP Service detenido
2025-10-09 17:46:11,945 - INFO - Limpieza completada
2025-10-09 17:46:11,946 - INFO - Deteniendo todos los servicios...
2025-10-09 17:46:11,947 - INFO - Limpieza completada
2025-10-09 19:57:19,178 - INFO - ============================================================
2025-10-09 19:57:19,181 - INFO -  ESTADO DE SERVICIOS OPTIMON
2025-10-09 19:57:19,181 - INFO - ============================================================
2025-10-09 19:57:19,181 - INFO - SMTP Service: DETENIDO DETENIDO
2025-10-09 19:57:19,181 - INFO - OptiMon Dashboard: DETENIDO DETENIDO
2025-10-09 19:57:19,184 - INFO - Prometheus: EJECUTANDOSE EJECUTÁNDOSE (Puerto: 9090)
2025-10-09 19:57:19,186 - INFO - Grafana: EJECUTANDOSE EJECUTÁNDOSE (Puerto: 3000)
2025-10-09 19:57:19,188 - INFO - AlertManager: EJECUTANDOSE EJECUTÁNDOSE (Puerto: 9093)
2025-10-09 19:57:19,190 - INFO - Windows Exporter: DETENIDO DETENIDO (Puerto: 9182)
2025-10-09 19:57:19,190 - INFO - ============================================================
